<?xml version="1.0" encoding="UTF-8"?>
<!-- Generated by org.testng.reporters.JUnitReportReporter -->
<testsuite hostname="Vinays-MacBook-Air.local" failures="0" tests="3" name="vinaySeleniumLearning.tests.SubmitOrdertest" time="27.731" errors="0" timestamp="2024-08-02T13:53:28 IST" skipped="0">
  <testcase classname="vinaySeleniumLearning.tests.SubmitOrdertest" name="submitOrder" time="8.253"/>
  <system-out/>
  <testcase classname="vinaySeleniumLearning.tests.SubmitOrdertest" name="OrderHistoryTest" time="11.640"/>
  <system-out/>
  <testcase classname="vinaySeleniumLearning.tests.SubmitOrdertest" name="submitOrder" time="7.838"/>
  <system-out/>
</testsuite> <!-- vinaySeleniumLearning.tests.SubmitOrdertest -->
