<?xml version="1.0" encoding="UTF-8"?>
<!-- Generated by org.testng.reporters.JUnitReportReporter -->
<testsuite hostname="Vinays-MacBook-Air.local" failures="0" tests="1" name="cucumber.TestNGTestRunner" time="10.772" errors="0" timestamp="2024-08-05T14:52:57 IST" skipped="0">
  <testcase classname="cucumber.TestNGTestRunner" name="runScenario" time="10.772"/>
  <system-out/>
</testsuite> <!-- cucumber.TestNGTestRunner -->
