<?xml version="1.0" encoding="UTF-8"?>
<!-- Generated by org.testng.reporters.JUnitReportReporter -->
<testsuite hostname="Vinays-MacBook-Air.local" failures="0" tests="2" name="vinaySeleniumLearning.tests.ErrorValidationsTest" time="8.838" errors="0" timestamp="2024-08-02T20:42:28 IST" skipped="0">
  <testcase classname="vinaySeleniumLearning.tests.ErrorValidationsTest" name="productErrorValidation" time="5.967"/>
  <system-out/>
  <testcase classname="vinaySeleniumLearning.tests.ErrorValidationsTest" name="LoginErrorValidation" time="2.871"/>
  <system-out/>
</testsuite> <!-- vinaySeleniumLearning.tests.ErrorValidationsTest -->
