<?xml version="1.0" encoding="UTF-8"?>
<!-- Generated by org.testng.reporters.JUnitReportReporter -->
<testsuite hostname="Vinays-MacBook-Air.local" failures="0" tests="3" name="vinaySeleniumLearning.tests.SubmitOrdertest" time="18.026" errors="0" timestamp="2024-08-02T20:42:28 IST" skipped="0">
  <testcase classname="vinaySeleniumLearning.tests.SubmitOrdertest" name="submitOrder" time="5.454"/>
  <system-out/>
  <testcase classname="vinaySeleniumLearning.tests.SubmitOrdertest" name="submitOrder" time="6.816"/>
  <system-out/>
  <testcase classname="vinaySeleniumLearning.tests.SubmitOrdertest" name="OrderHistoryTest" time="5.756"/>
  <system-out/>
</testsuite> <!-- vinaySeleniumLearning.tests.SubmitOrdertest -->
